2020-10-13 09:54:34,843 - INFO - [user.py - token_user_api - 18] - 获取token
2020-10-13 09:54:34,843 - INFO - [user.py - token_user_api - 20] - 请求参数：{'code': '0614VA0006lJsK1ZQ5400O28jD44VA0'}
2020-10-13 09:54:34,952 - INFO - [testUserApi.py - test_token_user_api - 15] - 请求地址：http://e.cn/api/v1/token/user
2020-10-13 09:54:34,952 - INFO - [testUserApi.py - test_token_user_api - 16] - 响应数据：{'msg': 'invalid code, hints: [ req_id: 1egEeKqge-3Nhmua ]', 'error_code': 40029, 'request_url': '/api/v1/token/user'}
2020-10-13 09:54:34,994 - INFO - [user.py - token_verify_api - 25] - 验证token
2020-10-13 09:54:34,994 - INFO - [user.py - token_verify_api - 27] - 请求参数：{'token': ''}
2020-10-13 09:54:35,011 - INFO - [testUserApi.py - test_token_verify_api - 28] - 请求地址：http://e.cn/api/v1/token/verify
2020-10-13 09:54:35,012 - INFO - [testUserApi.py - test_token_verify_api - 29] - 响应数据：{'msg': 'invalid parameters', 'error_code': 10000, 'request_url': '/api/v1/token/verify'}
2020-10-13 09:54:35,017 - INFO - [user.py - address_api - 32] - 获取地址
2020-10-13 09:54:35,039 - INFO - [testUserApi.py - test_address_api - 38] - 请求地址：http://e.cn/api/v1/address
2020-10-13 09:54:35,040 - INFO - [testUserApi.py - test_address_api - 39] - 响应数据：{'msg': 'Token已过期或无效Token', 'error_code': 10001, 'request_url': '/api/v1/address'}
2020-10-13 09:54:35,045 - INFO - [home.py - banner_api - 24] - 首页-轮播图
2020-10-13 09:54:35,093 - INFO - [testHomeApi.py - test_banner_api - 14] - 请求地址：http://e.cn/api/v1/banner/1
2020-10-13 09:54:35,094 - INFO - [testHomeApi.py - test_banner_api - 15] - 响应数据：{'id': 1, 'name': '首页置顶', 'description': '首页轮播图', 'update_time': '1970-01-01 08:00:00', 'items': [{'key_word': '6', 'type': 1, 'update_time': '1970-01-01 08:00:00', 'img': {'url': 'http://e.cn/images/banner-4a.png', 'update_time': '1970-01-01 08:00:00'}}, {'key_word': '25', 'type': 1, 'update_time': '1970-01-01 08:00:00', 'img': {'url': 'http://e.cn/images/banner-2a.png', 'update_time': '1970-01-01 08:00:00'}}, {'key_word': '11', 'type': 1, 'update_time': '1970-01-01 08:00:00', 'img': {'url': 'http://e.cn/images/banner-3a.png', 'update_time': '1970-01-01 08:00:00'}}, {'key_word': '21', 'type': 1, 'update_time': '1970-01-01 08:00:00', 'img': {'url': 'http://e.cn/images/banner-5a.png', 'update_time': '1970-01-01 08:00:00'}}, {'key_word': '10', 'type': 1, 'update_time': '1970-01-01 08:00:00', 'img': {'url': 'http://e.cn/images/banner-1a.png', 'update_time': '1970-01-01 08:00:00'}}]}
2020-10-13 09:54:35,096 - INFO - [home.py - theme_api - 33] - 首页-专题栏
2020-10-13 09:54:35,096 - INFO - [home.py - theme_api - 35] - 请求参数：{'ids': '1,2,3'}
2020-10-13 09:54:35,141 - INFO - [testHomeApi.py - test_theme_api - 27] - 请求地址：http://e.cn/api/v1/theme?ids=1%2C2%2C3
2020-10-13 09:54:35,142 - INFO - [testHomeApi.py - test_theme_api - 28] - 响应数据：[{'id': 1, 'name': '专题栏位一', 'description': '美味水果世界', 'update_time': '1970-01-01 08:00:00', 'topic_img': {'url': 'http://e.cn/images/1@theme.png', 'update_time': '1970-01-01 08:00:00'}, 'head_img': {'url': 'http://e.cn/images/1@theme-head.png', 'update_time': '1970-01-01 08:00:00'}}, {'id': 2, 'name': '专题栏位二', 'description': '新品推荐', 'update_time': '1970-01-01 08:00:00', 'topic_img': {'url': 'http://e.cn/images/2@theme.png', 'update_time': '1970-01-01 08:00:00'}, 'head_img': {'url': 'http://e.cn/images/2@theme-head.png', 'update_time': '1970-01-01 08:00:00'}}, {'id': 3, 'name': '专题栏位三', 'description': '做个干物女', 'update_time': '1970-01-01 08:00:00', 'topic_img': {'url': 'http://e.cn/images/3@theme.png', 'update_time': '1970-01-01 08:00:00'}, 'head_img': {'url': 'http://e.cn/images/3@theme.png', 'update_time': '1970-01-01 08:00:00'}}]
2020-10-13 09:54:35,143 - INFO - [home.py - product_recent_api - 43] - 首页-最近新品
2020-10-13 09:54:35,180 - INFO - [testHomeApi.py - test_product_recent_api - 43] - 请求地址：http://e.cn/api/v1/product/recent
2020-10-13 09:54:35,180 - INFO - [testHomeApi.py - test_product_recent_api - 44] - 响应数据：[{'id': 1, 'name': '芹菜 半斤', 'price': '0.01', 'stock': 2, 'main_img_url': 'http://e.cn/images/product-vg@1.png', 'img_id': 13}, {'id': 2, 'name': '梨花带雨 3个', 'price': '0.01', 'stock': 984, 'main_img_url': 'http://e.cn/images/product-dryfruit@1.png', 'img_id': 10}, {'id': 3, 'name': '素米 327克', 'price': '0.01', 'stock': 996, 'main_img_url': 'http://e.cn/images/product-rice@1.png', 'img_id': 31}, {'id': 4, 'name': '红袖枸杞 6克*3袋', 'price': '0.01', 'stock': 998, 'main_img_url': 'http://e.cn/images/product-tea@1.png', 'img_id': 32}, {'id': 5, 'name': '春生龙眼 500克', 'price': '0.01', 'stock': 995, 'main_img_url': 'http://e.cn/images/product-dryfruit@2.png', 'img_id': 33}, {'id': 6, 'name': '小红的猪耳朵 120克', 'price': '0.01', 'stock': 997, 'main_img_url': 'http://e.cn/images/product-cake@2.png', 'img_id': 53}, {'id': 7, 'name': '泥蒿 半斤', 'price': '0.01', 'stock': 998, 'main_img_url': 'http://e.cn/images/product-vg@2.png', 'img_id': 68}, {'id': 8, 'name': '夏日芒果 3个', 'price': '0.01', 'stock': 995, 'main_img_url': 'http://e.cn/images/product-dryfruit@3.png', 'img_id': 36}, {'id': 9, 'name': '冬木红枣 500克', 'price': '0.01', 'stock': 996, 'main_img_url': 'http://e.cn/images/product-dryfruit@4.png', 'img_id': 37}, {'id': 10, 'name': '万紫千凤梨 300克', 'price': '0.01', 'stock': 996, 'main_img_url': 'http://e.cn/images/product-dryfruit@5.png', 'img_id': 38}, {'id': 11, 'name': '贵妃笑 100克', 'price': '0.01', 'stock': 994, 'main_img_url': 'http://e.cn/images/product-dryfruit-a@6.png', 'img_id': 39}, {'id': 12, 'name': '珍奇异果 3个', 'price': '0.01', 'stock': 999, 'main_img_url': 'http://e.cn/images/product-dryfruit@7.png', 'img_id': 40}, {'id': 13, 'name': '绿豆 125克', 'price': '0.01', 'stock': 999, 'main_img_url': 'http://e.cn/images/product-rice@2.png', 'img_id': 41}, {'id': 14, 'name': '芝麻 50克', 'price': '0.01', 'stock': 999, 'main_img_url': 'http://e.cn/images/product-rice@3.png', 'img_id': 42}, {'id': 15, 'name': '猴头菇 370克', 'price': '0.01', 'stock': 999, 'main_img_url': 'http://e.cn/images/product-rice@4.png', 'img_id': 43}]
2020-10-13 09:54:35,183 - INFO - [order.py - order_list_api - 21] - 订单-列表
2020-10-13 09:54:35,183 - INFO - [order.py - order_list_api - 24] - 请求参数：{'page': 1}
2020-10-13 09:54:35,203 - INFO - [testOrderApi.py - test_order_list_api - 15] - 请求地址：http://e.cn/api/v1/order/by_user?page=1
2020-10-13 09:54:35,203 - INFO - [testOrderApi.py - test_order_list_api - 16] - 响应数据：{'msg': 'Token已过期或无效Token', 'error_code': 10001, 'request_url': '/api/v1/order/by_user?page=1'}
2020-10-13 09:54:35,210 - INFO - [order.py - create_order_api - 34] - 订单-创建
2020-10-13 09:54:35,210 - INFO - [order.py - create_order_api - 37] - 请求参数：{'products': [{'product_id': 12, 'count': 1}]}
2020-10-13 09:54:35,230 - INFO - [testOrderApi.py - test_create_order_api - 30] - 请求地址：http://e.cn/api/v1/order
2020-10-13 09:54:35,231 - INFO - [testOrderApi.py - test_create_order_api - 31] - 响应数据：{'msg': 'Token已过期或无效Token', 'error_code': 10001, 'request_url': '/api/v1/order'}
2020-10-13 09:54:35,238 - INFO - [order.py - query_order_pai - 47] - 订单-详情
2020-10-13 09:54:35,259 - INFO - [testOrderApi.py - test_query_order_pai - 45] - 请求地址：http://e.cn/api/v1/order/112
2020-10-13 09:54:35,260 - INFO - [testOrderApi.py - test_query_order_pai - 46] - 响应数据：{'msg': 'Token已过期或无效Token', 'error_code': 10001, 'request_url': '/api/v1/order/112'}
2020-10-13 09:54:35,266 - INFO - [product.py - product_classify_api - 23] - 商品-商品分类
2020-10-13 09:54:35,305 - INFO - [testProductApi.py - test_product_classify_api - 18] - 请求地址：http://e.cn/api/v1/category/all
2020-10-13 09:54:35,306 - INFO - [testProductApi.py - test_product_classify_api - 19] - 响应数据：[{'id': 2, 'name': '果味', 'topic_img_id': 6, 'description': None, 'update_time': '1970-01-01 08:00:00', 'img': {'url': 'http://e.cn/images/category-dryfruit.png', 'update_time': '1970-01-01 08:00:00'}}, {'id': 3, 'name': '蔬菜', 'topic_img_id': 5, 'description': None, 'update_time': '1970-01-01 08:00:00', 'img': {'url': 'http://e.cn/images/category-vg.png', 'update_time': '1970-01-01 08:00:00'}}, {'id': 4, 'name': '炒货', 'topic_img_id': 7, 'description': None, 'update_time': '1970-01-01 08:00:00', 'img': {'url': 'http://e.cn/images/category-fry-a.png', 'update_time': '1970-01-01 08:00:00'}}, {'id': 5, 'name': '点心', 'topic_img_id': 4, 'description': None, 'update_time': '1970-01-01 08:00:00', 'img': {'url': 'http://e.cn/images/category-cake.png', 'update_time': '1970-01-01 08:00:00'}}, {'id': 6, 'name': '粗茶', 'topic_img_id': 8, 'description': None, 'update_time': '1970-01-01 08:00:00', 'img': {'url': 'http://e.cn/images/category-tea.png', 'update_time': '1970-01-01 08:00:00'}}, {'id': 7, 'name': '淡饭', 'topic_img_id': 9, 'description': None, 'update_time': '1970-01-01 08:00:00', 'img': {'url': 'http://e.cn/images/category-rice.png', 'update_time': '1970-01-01 08:00:00'}}]
2020-10-13 09:54:35,308 - INFO - [product.py - classify_product_api - 32] - 商品-分类下商品
2020-10-13 09:54:35,308 - INFO - [product.py - classify_product_api - 35] - 请求参数：{'id': 2}
2020-10-13 09:54:35,343 - INFO - [testProductApi.py - test_classify_product_api - 34] - 请求地址：http://e.cn/api/v1/product/by_category?id=2
2020-10-13 09:54:35,344 - INFO - [testProductApi.py - test_classify_product_api - 35] - 响应数据：[{'id': 2, 'name': '梨花带雨 3个', 'price': '0.01', 'stock': 984, 'main_img_url': 'http://e.cn/images/product-dryfruit@1.png', 'img_id': 10}, {'id': 5, 'name': '春生龙眼 500克', 'price': '0.01', 'stock': 995, 'main_img_url': 'http://e.cn/images/product-dryfruit@2.png', 'img_id': 33}, {'id': 8, 'name': '夏日芒果 3个', 'price': '0.01', 'stock': 995, 'main_img_url': 'http://e.cn/images/product-dryfruit@3.png', 'img_id': 36}, {'id': 9, 'name': '冬木红枣 500克', 'price': '0.01', 'stock': 996, 'main_img_url': 'http://e.cn/images/product-dryfruit@4.png', 'img_id': 37}, {'id': 10, 'name': '万紫千凤梨 300克', 'price': '0.01', 'stock': 996, 'main_img_url': 'http://e.cn/images/product-dryfruit@5.png', 'img_id': 38}, {'id': 11, 'name': '贵妃笑 100克', 'price': '0.01', 'stock': 994, 'main_img_url': 'http://e.cn/images/product-dryfruit-a@6.png', 'img_id': 39}, {'id': 12, 'name': '珍奇异果 3个', 'price': '0.01', 'stock': 999, 'main_img_url': 'http://e.cn/images/product-dryfruit@7.png', 'img_id': 40}, {'id': 26, 'name': '红衣青瓜 混搭160克', 'price': '0.01', 'stock': 999, 'main_img_url': 'http://e.cn/images/product-dryfruit@8.png', 'img_id': 56}]
2020-10-13 09:54:35,346 - INFO - [product.py - product_detail_api - 44] - 商品-商品信息
2020-10-13 09:54:35,392 - INFO - [testProductApi.py - test_product_detail_api - 50] - 请求地址：http://e.cn/api/v1/product/2
2020-10-13 09:54:35,392 - INFO - [testProductApi.py - test_product_detail_api - 51] - 响应数据：{'id': 2, 'name': '梨花带雨 3个', 'price': '0.01', 'stock': 984, 'main_img_url': 'http://e.cn/images/product-dryfruit@1.png', 'summary': None, 'img_id': 10, 'imgs': [], 'properties': [{'name': '品名', 'detail': '梨子', 'update_time': '1970-01-01 08:00:00'}, {'name': '产地', 'detail': '金星', 'update_time': '1970-01-01 08:00:00'}, {'name': '净含量', 'detail': '100g', 'update_time': '1970-01-01 08:00:00'}, {'name': '保质期', 'detail': '10天', 'update_time': '1970-01-01 08:00:00'}]}
2020-10-13 09:57:35,004 - INFO - [user.py - token_user_api - 18] - 获取token
2020-10-13 09:57:35,005 - INFO - [user.py - token_user_api - 20] - 请求参数：{'code': '011R8m1w3eq76V2VIG0w3pwKY24R8m18'}
2020-10-13 09:57:35,156 - INFO - [testUserApi.py - test_token_user_api - 15] - 请求地址：http://e.cn/api/v1/token/user
2020-10-13 09:57:35,157 - INFO - [testUserApi.py - test_token_user_api - 16] - 响应数据：{'token': '1a85bba74892e6a98d751f175e445cb7'}
2020-10-13 09:57:35,159 - INFO - [user.py - token_verify_api - 25] - 验证token
2020-10-13 09:57:35,159 - INFO - [user.py - token_verify_api - 27] - 请求参数：{'token': '1a85bba74892e6a98d751f175e445cb7'}
2020-10-13 09:57:35,177 - INFO - [testUserApi.py - test_token_verify_api - 28] - 请求地址：http://e.cn/api/v1/token/verify
2020-10-13 09:57:35,178 - INFO - [testUserApi.py - test_token_verify_api - 29] - 响应数据：{'isValid': True}
2020-10-13 09:57:35,180 - INFO - [user.py - address_api - 32] - 获取地址
2020-10-13 09:57:35,216 - INFO - [testUserApi.py - test_address_api - 38] - 请求地址：http://e.cn/api/v1/address
2020-10-13 09:57:35,216 - INFO - [testUserApi.py - test_address_api - 39] - 响应数据：{'name': '肖肖', 'mobile': '13862812345', 'province': '上海市', 'city': '上海市', 'country': '浦东区', 'detail': '123号', 'update_time': '1970-01-01 08:00:00'}
2020-10-13 09:57:35,219 - INFO - [home.py - banner_api - 24] - 首页-轮播图
2020-10-13 09:57:35,273 - INFO - [testHomeApi.py - test_banner_api - 14] - 请求地址：http://e.cn/api/v1/banner/1
2020-10-13 09:57:35,273 - INFO - [testHomeApi.py - test_banner_api - 15] - 响应数据：{'id': 1, 'name': '首页置顶', 'description': '首页轮播图', 'update_time': '1970-01-01 08:00:00', 'items': [{'key_word': '6', 'type': 1, 'update_time': '1970-01-01 08:00:00', 'img': {'url': 'http://e.cn/images/banner-4a.png', 'update_time': '1970-01-01 08:00:00'}}, {'key_word': '25', 'type': 1, 'update_time': '1970-01-01 08:00:00', 'img': {'url': 'http://e.cn/images/banner-2a.png', 'update_time': '1970-01-01 08:00:00'}}, {'key_word': '11', 'type': 1, 'update_time': '1970-01-01 08:00:00', 'img': {'url': 'http://e.cn/images/banner-3a.png', 'update_time': '1970-01-01 08:00:00'}}, {'key_word': '21', 'type': 1, 'update_time': '1970-01-01 08:00:00', 'img': {'url': 'http://e.cn/images/banner-5a.png', 'update_time': '1970-01-01 08:00:00'}}, {'key_word': '10', 'type': 1, 'update_time': '1970-01-01 08:00:00', 'img': {'url': 'http://e.cn/images/banner-1a.png', 'update_time': '1970-01-01 08:00:00'}}]}
2020-10-13 09:57:35,275 - INFO - [home.py - theme_api - 33] - 首页-专题栏
2020-10-13 09:57:35,276 - INFO - [home.py - theme_api - 35] - 请求参数：{'ids': '1,2,3'}
2020-10-13 09:57:35,321 - INFO - [testHomeApi.py - test_theme_api - 27] - 请求地址：http://e.cn/api/v1/theme?ids=1%2C2%2C3
2020-10-13 09:57:35,322 - INFO - [testHomeApi.py - test_theme_api - 28] - 响应数据：[{'id': 1, 'name': '专题栏位一', 'description': '美味水果世界', 'update_time': '1970-01-01 08:00:00', 'topic_img': {'url': 'http://e.cn/images/1@theme.png', 'update_time': '1970-01-01 08:00:00'}, 'head_img': {'url': 'http://e.cn/images/1@theme-head.png', 'update_time': '1970-01-01 08:00:00'}}, {'id': 2, 'name': '专题栏位二', 'description': '新品推荐', 'update_time': '1970-01-01 08:00:00', 'topic_img': {'url': 'http://e.cn/images/2@theme.png', 'update_time': '1970-01-01 08:00:00'}, 'head_img': {'url': 'http://e.cn/images/2@theme-head.png', 'update_time': '1970-01-01 08:00:00'}}, {'id': 3, 'name': '专题栏位三', 'description': '做个干物女', 'update_time': '1970-01-01 08:00:00', 'topic_img': {'url': 'http://e.cn/images/3@theme.png', 'update_time': '1970-01-01 08:00:00'}, 'head_img': {'url': 'http://e.cn/images/3@theme.png', 'update_time': '1970-01-01 08:00:00'}}]
2020-10-13 09:57:35,324 - INFO - [home.py - product_recent_api - 43] - 首页-最近新品
2020-10-13 09:57:35,360 - INFO - [testHomeApi.py - test_product_recent_api - 43] - 请求地址：http://e.cn/api/v1/product/recent
2020-10-13 09:57:35,360 - INFO - [testHomeApi.py - test_product_recent_api - 44] - 响应数据：[{'id': 1, 'name': '芹菜 半斤', 'price': '0.01', 'stock': 2, 'main_img_url': 'http://e.cn/images/product-vg@1.png', 'img_id': 13}, {'id': 2, 'name': '梨花带雨 3个', 'price': '0.01', 'stock': 984, 'main_img_url': 'http://e.cn/images/product-dryfruit@1.png', 'img_id': 10}, {'id': 3, 'name': '素米 327克', 'price': '0.01', 'stock': 996, 'main_img_url': 'http://e.cn/images/product-rice@1.png', 'img_id': 31}, {'id': 4, 'name': '红袖枸杞 6克*3袋', 'price': '0.01', 'stock': 998, 'main_img_url': 'http://e.cn/images/product-tea@1.png', 'img_id': 32}, {'id': 5, 'name': '春生龙眼 500克', 'price': '0.01', 'stock': 995, 'main_img_url': 'http://e.cn/images/product-dryfruit@2.png', 'img_id': 33}, {'id': 6, 'name': '小红的猪耳朵 120克', 'price': '0.01', 'stock': 997, 'main_img_url': 'http://e.cn/images/product-cake@2.png', 'img_id': 53}, {'id': 7, 'name': '泥蒿 半斤', 'price': '0.01', 'stock': 998, 'main_img_url': 'http://e.cn/images/product-vg@2.png', 'img_id': 68}, {'id': 8, 'name': '夏日芒果 3个', 'price': '0.01', 'stock': 995, 'main_img_url': 'http://e.cn/images/product-dryfruit@3.png', 'img_id': 36}, {'id': 9, 'name': '冬木红枣 500克', 'price': '0.01', 'stock': 996, 'main_img_url': 'http://e.cn/images/product-dryfruit@4.png', 'img_id': 37}, {'id': 10, 'name': '万紫千凤梨 300克', 'price': '0.01', 'stock': 996, 'main_img_url': 'http://e.cn/images/product-dryfruit@5.png', 'img_id': 38}, {'id': 11, 'name': '贵妃笑 100克', 'price': '0.01', 'stock': 994, 'main_img_url': 'http://e.cn/images/product-dryfruit-a@6.png', 'img_id': 39}, {'id': 12, 'name': '珍奇异果 3个', 'price': '0.01', 'stock': 999, 'main_img_url': 'http://e.cn/images/product-dryfruit@7.png', 'img_id': 40}, {'id': 13, 'name': '绿豆 125克', 'price': '0.01', 'stock': 999, 'main_img_url': 'http://e.cn/images/product-rice@2.png', 'img_id': 41}, {'id': 14, 'name': '芝麻 50克', 'price': '0.01', 'stock': 999, 'main_img_url': 'http://e.cn/images/product-rice@3.png', 'img_id': 42}, {'id': 15, 'name': '猴头菇 370克', 'price': '0.01', 'stock': 999, 'main_img_url': 'http://e.cn/images/product-rice@4.png', 'img_id': 43}]
2020-10-13 09:57:35,363 - INFO - [order.py - order_list_api - 21] - 订单-列表
2020-10-13 09:57:35,363 - INFO - [order.py - order_list_api - 24] - 请求参数：{'page': 1}
2020-10-13 09:57:35,401 - INFO - [testOrderApi.py - test_order_list_api - 15] - 请求地址：http://e.cn/api/v1/order/by_user?page=1
2020-10-13 09:57:35,402 - INFO - [testOrderApi.py - test_order_list_api - 16] - 响应数据：{'current_page': 1, 'data': [{'id': 124, 'order_no': 'DA13515889150358', 'create_time': '2020-10-13 09:13:08', 'total_price': '0.01', 'status': 1, 'snap_img': 'http://e.cn/images/product-dryfruit@7.png', 'snap_name': '珍奇异果 3个', 'total_count': 1, 'prepay_id': None}, {'id': 123, 'order_no': 'DA13515252587846', 'create_time': '2020-10-13 09:12:05', 'total_price': '0.01', 'status': 1, 'snap_img': 'http://e.cn/images/product-dryfruit@7.png', 'snap_name': '珍奇异果 3个', 'total_count': 1, 'prepay_id': None}, {'id': 122, 'order_no': 'DA13507863681613', 'create_time': '2020-10-13 08:59:46', 'total_price': '0.01', 'status': 1, 'snap_img': 'http://e.cn/images/product-dryfruit@7.png', 'snap_name': '珍奇异果 3个', 'total_count': 1, 'prepay_id': None}, {'id': 121, 'order_no': 'DA13502109658207', 'create_time': '2020-10-13 08:50:10', 'total_price': '0.01', 'status': 1, 'snap_img': 'http://e.cn/images/product-dryfruit@7.png', 'snap_name': '珍奇异果 3个', 'total_count': 1, 'prepay_id': None}, {'id': 120, 'order_no': 'DA12942224410354', 'create_time': '2020-10-12 17:17:02', 'total_price': '0.01', 'status': 1, 'snap_img': 'http://e.cn/images/product-dryfruit@7.png', 'snap_name': '珍奇异果 3个', 'total_count': 1, 'prepay_id': None}, {'id': 119, 'order_no': 'DA12915441480674', 'create_time': '2020-10-12 16:32:24', 'total_price': '0.01', 'status': 1, 'snap_img': 'http://e.cn/images/product-dryfruit@7.png', 'snap_name': '珍奇异果 3个', 'total_count': 1, 'prepay_id': None}, {'id': 118, 'order_no': 'DA11061315990291', 'create_time': '2020-10-11 16:48:51', 'total_price': '0.01', 'status': 1, 'snap_img': 'http://e.cn/images/product-dryfruit@3.png', 'snap_name': '夏日芒果 3个', 'total_count': 1, 'prepay_id': None}, {'id': 117, 'order_no': 'DA11055739583953', 'create_time': '2020-10-11 16:39:33', 'total_price': '0.01', 'status': 1, 'snap_img': 'http://e.cn/images/product-dryfruit@3.png', 'snap_name': '夏日芒果 3个', 'total_count': 1, 'prepay_id': None}, {'id': 116, 'order_no': 'DA11040296146492', 'create_time': '2020-10-11 16:13:49', 'total_price': '0.01', 'status': 1, 'snap_img': 'http://e.cn/images/product-dryfruit@3.png', 'snap_name': '夏日芒果 3个', 'total_count': 1, 'prepay_id': None}, {'id': 115, 'order_no': 'DA11023127240273', 'create_time': '2020-10-11 15:45:12', 'total_price': '0.01', 'status': 1, 'snap_img': 'http://e.cn/images/product-dryfruit@3.png', 'snap_name': '夏日芒果 3个', 'total_count': 1, 'prepay_id': None}, {'id': 114, 'order_no': 'DA11022622865275', 'create_time': '2020-10-11 15:44:22', 'total_price': '0.01', 'status': 1, 'snap_img': 'http://e.cn/images/product-dryfruit@3.png', 'snap_name': '夏日芒果 3个', 'total_count': 1, 'prepay_id': None}, {'id': 113, 'order_no': 'DA11018643646418', 'create_time': '2020-10-11 15:37:44', 'total_price': '0.01', 'status': 1, 'snap_img': 'http://e.cn/images/product-dryfruit@3.png', 'snap_name': '夏日芒果 3个', 'total_count': 1, 'prepay_id': None}, {'id': 112, 'order_no': 'DA11005170521441', 'create_time': '2020-10-11 15:15:17', 'total_price': '0.01', 'status': 1, 'snap_img': 'http://e.cn/images/product-dryfruit@3.png', 'snap_name': '夏日芒果 3个', 'total_count': 1, 'prepay_id': None}]}
2020-10-13 09:57:35,404 - INFO - [order.py - create_order_api - 34] - 订单-创建
2020-10-13 09:57:35,405 - INFO - [order.py - create_order_api - 37] - 请求参数：{'products': [{'product_id': 12, 'count': 1}]}
2020-10-13 09:57:35,462 - INFO - [testOrderApi.py - test_create_order_api - 30] - 请求地址：http://e.cn/api/v1/order
2020-10-13 09:57:35,463 - INFO - [testOrderApi.py - test_create_order_api - 31] - 响应数据：{'order_no': 'DA13542557119140', 'order_id': '125', 'create_time': '2020-10-13 09:57:35', 'pass': True}
2020-10-13 09:57:35,465 - INFO - [order.py - query_order_pai - 47] - 订单-详情
2020-10-13 09:57:35,499 - INFO - [testOrderApi.py - test_query_order_pai - 45] - 请求地址：http://e.cn/api/v1/order/112
2020-10-13 09:57:35,500 - INFO - [testOrderApi.py - test_query_order_pai - 46] - 响应数据：{'id': 112, 'order_no': 'DA11005170521441', 'create_time': '2020-10-11 15:15:17', 'total_price': '0.01', 'status': 1, 'snap_img': 'http://e.cn/images/product-dryfruit@3.png', 'snap_name': '夏日芒果 3个', 'total_count': 1, 'snap_items': [{'id': 8, 'name': '夏日芒果 3个', 'main_img_url': 'http://e.cn/images/product-dryfruit@3.png', 'count': 1, 'totalPrice': 0.01, 'price': '0.01', 'counts': 1}], 'snap_address': {'name': '肖肖', 'mobile': '13862812345', 'province': '上海市', 'city': '上海市', 'country': '浦东区', 'detail': '123号', 'update_time': '1970-01-01 08:00:00'}}
2020-10-13 09:57:35,502 - INFO - [product.py - product_classify_api - 23] - 商品-商品分类
2020-10-13 09:57:35,543 - INFO - [testProductApi.py - test_product_classify_api - 18] - 请求地址：http://e.cn/api/v1/category/all
2020-10-13 09:57:35,544 - INFO - [testProductApi.py - test_product_classify_api - 19] - 响应数据：[{'id': 2, 'name': '果味', 'topic_img_id': 6, 'description': None, 'update_time': '1970-01-01 08:00:00', 'img': {'url': 'http://e.cn/images/category-dryfruit.png', 'update_time': '1970-01-01 08:00:00'}}, {'id': 3, 'name': '蔬菜', 'topic_img_id': 5, 'description': None, 'update_time': '1970-01-01 08:00:00', 'img': {'url': 'http://e.cn/images/category-vg.png', 'update_time': '1970-01-01 08:00:00'}}, {'id': 4, 'name': '炒货', 'topic_img_id': 7, 'description': None, 'update_time': '1970-01-01 08:00:00', 'img': {'url': 'http://e.cn/images/category-fry-a.png', 'update_time': '1970-01-01 08:00:00'}}, {'id': 5, 'name': '点心', 'topic_img_id': 4, 'description': None, 'update_time': '1970-01-01 08:00:00', 'img': {'url': 'http://e.cn/images/category-cake.png', 'update_time': '1970-01-01 08:00:00'}}, {'id': 6, 'name': '粗茶', 'topic_img_id': 8, 'description': None, 'update_time': '1970-01-01 08:00:00', 'img': {'url': 'http://e.cn/images/category-tea.png', 'update_time': '1970-01-01 08:00:00'}}, {'id': 7, 'name': '淡饭', 'topic_img_id': 9, 'description': None, 'update_time': '1970-01-01 08:00:00', 'img': {'url': 'http://e.cn/images/category-rice.png', 'update_time': '1970-01-01 08:00:00'}}]
2020-10-13 09:57:35,546 - INFO - [product.py - classify_product_api - 32] - 商品-分类下商品
2020-10-13 09:57:35,546 - INFO - [product.py - classify_product_api - 35] - 请求参数：{'id': 2}
2020-10-13 09:57:35,580 - INFO - [testProductApi.py - test_classify_product_api - 34] - 请求地址：http://e.cn/api/v1/product/by_category?id=2
2020-10-13 09:57:35,581 - INFO - [testProductApi.py - test_classify_product_api - 35] - 响应数据：[{'id': 2, 'name': '梨花带雨 3个', 'price': '0.01', 'stock': 984, 'main_img_url': 'http://e.cn/images/product-dryfruit@1.png', 'img_id': 10}, {'id': 5, 'name': '春生龙眼 500克', 'price': '0.01', 'stock': 995, 'main_img_url': 'http://e.cn/images/product-dryfruit@2.png', 'img_id': 33}, {'id': 8, 'name': '夏日芒果 3个', 'price': '0.01', 'stock': 995, 'main_img_url': 'http://e.cn/images/product-dryfruit@3.png', 'img_id': 36}, {'id': 9, 'name': '冬木红枣 500克', 'price': '0.01', 'stock': 996, 'main_img_url': 'http://e.cn/images/product-dryfruit@4.png', 'img_id': 37}, {'id': 10, 'name': '万紫千凤梨 300克', 'price': '0.01', 'stock': 996, 'main_img_url': 'http://e.cn/images/product-dryfruit@5.png', 'img_id': 38}, {'id': 11, 'name': '贵妃笑 100克', 'price': '0.01', 'stock': 994, 'main_img_url': 'http://e.cn/images/product-dryfruit-a@6.png', 'img_id': 39}, {'id': 12, 'name': '珍奇异果 3个', 'price': '0.01', 'stock': 999, 'main_img_url': 'http://e.cn/images/product-dryfruit@7.png', 'img_id': 40}, {'id': 26, 'name': '红衣青瓜 混搭160克', 'price': '0.01', 'stock': 999, 'main_img_url': 'http://e.cn/images/product-dryfruit@8.png', 'img_id': 56}]
2020-10-13 09:57:35,582 - INFO - [product.py - product_detail_api - 44] - 商品-商品信息
2020-10-13 09:57:35,628 - INFO - [testProductApi.py - test_product_detail_api - 50] - 请求地址：http://e.cn/api/v1/product/2
2020-10-13 09:57:35,629 - INFO - [testProductApi.py - test_product_detail_api - 51] - 响应数据：{'id': 2, 'name': '梨花带雨 3个', 'price': '0.01', 'stock': 984, 'main_img_url': 'http://e.cn/images/product-dryfruit@1.png', 'summary': None, 'img_id': 10, 'imgs': [], 'properties': [{'name': '品名', 'detail': '梨子', 'update_time': '1970-01-01 08:00:00'}, {'name': '产地', 'detail': '金星', 'update_time': '1970-01-01 08:00:00'}, {'name': '净含量', 'detail': '100g', 'update_time': '1970-01-01 08:00:00'}, {'name': '保质期', 'detail': '10天', 'update_time': '1970-01-01 08:00:00'}]}
2020-10-13 10:00:59,332 - INFO - [user.py - token_user_api - 18] - 获取token
2020-10-13 10:00:59,332 - INFO - [user.py - token_user_api - 20] - 请求参数：{'code': '011R8m1w3eq76V2VIG0w3pwKY24R8m18'}
2020-10-13 10:00:59,477 - INFO - [testUserApi.py - test_token_user_api - 15] - 请求地址：http://e.cn/api/v1/token/user
2020-10-13 10:00:59,478 - INFO - [testUserApi.py - test_token_user_api - 16] - 响应数据：{'msg': 'code been used, hints: [ req_id: aEgE6yNre-K6m5ia ]', 'error_code': 40163, 'request_url': '/api/v1/token/user'}
2020-10-13 10:00:59,523 - INFO - [user.py - token_verify_api - 25] - 验证token
2020-10-13 10:00:59,523 - INFO - [user.py - token_verify_api - 27] - 请求参数：{'token': ''}
2020-10-13 10:00:59,541 - INFO - [testUserApi.py - test_token_verify_api - 28] - 请求地址：http://e.cn/api/v1/token/verify
2020-10-13 10:00:59,541 - INFO - [testUserApi.py - test_token_verify_api - 29] - 响应数据：{'msg': 'invalid parameters', 'error_code': 10000, 'request_url': '/api/v1/token/verify'}
2020-10-13 10:00:59,557 - INFO - [user.py - address_api - 32] - 获取地址
2020-10-13 10:00:59,579 - INFO - [testUserApi.py - test_address_api - 38] - 请求地址：http://e.cn/api/v1/address
2020-10-13 10:00:59,579 - INFO - [testUserApi.py - test_address_api - 39] - 响应数据：{'msg': 'Token已过期或无效Token', 'error_code': 10001, 'request_url': '/api/v1/address'}
2020-10-13 10:00:59,587 - INFO - [home.py - banner_api - 24] - 首页-轮播图
2020-10-13 10:00:59,639 - INFO - [testHomeApi.py - test_banner_api - 14] - 请求地址：http://e.cn/api/v1/banner/1
2020-10-13 10:00:59,640 - INFO - [testHomeApi.py - test_banner_api - 15] - 响应数据：{'id': 1, 'name': '首页置顶', 'description': '首页轮播图', 'update_time': '1970-01-01 08:00:00', 'items': [{'key_word': '6', 'type': 1, 'update_time': '1970-01-01 08:00:00', 'img': {'url': 'http://e.cn/images/banner-4a.png', 'update_time': '1970-01-01 08:00:00'}}, {'key_word': '25', 'type': 1, 'update_time': '1970-01-01 08:00:00', 'img': {'url': 'http://e.cn/images/banner-2a.png', 'update_time': '1970-01-01 08:00:00'}}, {'key_word': '11', 'type': 1, 'update_time': '1970-01-01 08:00:00', 'img': {'url': 'http://e.cn/images/banner-3a.png', 'update_time': '1970-01-01 08:00:00'}}, {'key_word': '21', 'type': 1, 'update_time': '1970-01-01 08:00:00', 'img': {'url': 'http://e.cn/images/banner-5a.png', 'update_time': '1970-01-01 08:00:00'}}, {'key_word': '10', 'type': 1, 'update_time': '1970-01-01 08:00:00', 'img': {'url': 'http://e.cn/images/banner-1a.png', 'update_time': '1970-01-01 08:00:00'}}]}
2020-10-13 10:00:59,642 - INFO - [home.py - theme_api - 33] - 首页-专题栏
2020-10-13 10:00:59,642 - INFO - [home.py - theme_api - 35] - 请求参数：{'ids': '1,2,3'}
2020-10-13 10:00:59,684 - INFO - [testHomeApi.py - test_theme_api - 27] - 请求地址：http://e.cn/api/v1/theme?ids=1%2C2%2C3
2020-10-13 10:00:59,685 - INFO - [testHomeApi.py - test_theme_api - 28] - 响应数据：[{'id': 1, 'name': '专题栏位一', 'description': '美味水果世界', 'update_time': '1970-01-01 08:00:00', 'topic_img': {'url': 'http://e.cn/images/1@theme.png', 'update_time': '1970-01-01 08:00:00'}, 'head_img': {'url': 'http://e.cn/images/1@theme-head.png', 'update_time': '1970-01-01 08:00:00'}}, {'id': 2, 'name': '专题栏位二', 'description': '新品推荐', 'update_time': '1970-01-01 08:00:00', 'topic_img': {'url': 'http://e.cn/images/2@theme.png', 'update_time': '1970-01-01 08:00:00'}, 'head_img': {'url': 'http://e.cn/images/2@theme-head.png', 'update_time': '1970-01-01 08:00:00'}}, {'id': 3, 'name': '专题栏位三', 'description': '做个干物女', 'update_time': '1970-01-01 08:00:00', 'topic_img': {'url': 'http://e.cn/images/3@theme.png', 'update_time': '1970-01-01 08:00:00'}, 'head_img': {'url': 'http://e.cn/images/3@theme.png', 'update_time': '1970-01-01 08:00:00'}}]
2020-10-13 10:00:59,687 - INFO - [home.py - product_recent_api - 43] - 首页-最近新品
2020-10-13 10:00:59,721 - INFO - [testHomeApi.py - test_product_recent_api - 43] - 请求地址：http://e.cn/api/v1/product/recent
2020-10-13 10:00:59,722 - INFO - [testHomeApi.py - test_product_recent_api - 44] - 响应数据：[{'id': 1, 'name': '芹菜 半斤', 'price': '0.01', 'stock': 2, 'main_img_url': 'http://e.cn/images/product-vg@1.png', 'img_id': 13}, {'id': 2, 'name': '梨花带雨 3个', 'price': '0.01', 'stock': 984, 'main_img_url': 'http://e.cn/images/product-dryfruit@1.png', 'img_id': 10}, {'id': 3, 'name': '素米 327克', 'price': '0.01', 'stock': 996, 'main_img_url': 'http://e.cn/images/product-rice@1.png', 'img_id': 31}, {'id': 4, 'name': '红袖枸杞 6克*3袋', 'price': '0.01', 'stock': 998, 'main_img_url': 'http://e.cn/images/product-tea@1.png', 'img_id': 32}, {'id': 5, 'name': '春生龙眼 500克', 'price': '0.01', 'stock': 995, 'main_img_url': 'http://e.cn/images/product-dryfruit@2.png', 'img_id': 33}, {'id': 6, 'name': '小红的猪耳朵 120克', 'price': '0.01', 'stock': 997, 'main_img_url': 'http://e.cn/images/product-cake@2.png', 'img_id': 53}, {'id': 7, 'name': '泥蒿 半斤', 'price': '0.01', 'stock': 998, 'main_img_url': 'http://e.cn/images/product-vg@2.png', 'img_id': 68}, {'id': 8, 'name': '夏日芒果 3个', 'price': '0.01', 'stock': 995, 'main_img_url': 'http://e.cn/images/product-dryfruit@3.png', 'img_id': 36}, {'id': 9, 'name': '冬木红枣 500克', 'price': '0.01', 'stock': 996, 'main_img_url': 'http://e.cn/images/product-dryfruit@4.png', 'img_id': 37}, {'id': 10, 'name': '万紫千凤梨 300克', 'price': '0.01', 'stock': 996, 'main_img_url': 'http://e.cn/images/product-dryfruit@5.png', 'img_id': 38}, {'id': 11, 'name': '贵妃笑 100克', 'price': '0.01', 'stock': 994, 'main_img_url': 'http://e.cn/images/product-dryfruit-a@6.png', 'img_id': 39}, {'id': 12, 'name': '珍奇异果 3个', 'price': '0.01', 'stock': 999, 'main_img_url': 'http://e.cn/images/product-dryfruit@7.png', 'img_id': 40}, {'id': 13, 'name': '绿豆 125克', 'price': '0.01', 'stock': 999, 'main_img_url': 'http://e.cn/images/product-rice@2.png', 'img_id': 41}, {'id': 14, 'name': '芝麻 50克', 'price': '0.01', 'stock': 999, 'main_img_url': 'http://e.cn/images/product-rice@3.png', 'img_id': 42}, {'id': 15, 'name': '猴头菇 370克', 'price': '0.01', 'stock': 999, 'main_img_url': 'http://e.cn/images/product-rice@4.png', 'img_id': 43}]
2020-10-13 10:00:59,726 - INFO - [order.py - order_list_api - 21] - 订单-列表
2020-10-13 10:00:59,727 - INFO - [order.py - order_list_api - 24] - 请求参数：{'page': 1}
2020-10-13 10:00:59,748 - INFO - [testOrderApi.py - test_order_list_api - 15] - 请求地址：http://e.cn/api/v1/order/by_user?page=1
2020-10-13 10:00:59,748 - INFO - [testOrderApi.py - test_order_list_api - 16] - 响应数据：{'msg': 'Token已过期或无效Token', 'error_code': 10001, 'request_url': '/api/v1/order/by_user?page=1'}
2020-10-13 10:00:59,756 - INFO - [order.py - create_order_api - 34] - 订单-创建
2020-10-13 10:00:59,756 - INFO - [order.py - create_order_api - 37] - 请求参数：{'products': [{'product_id': 12, 'count': 1}]}
2020-10-13 10:00:59,777 - INFO - [testOrderApi.py - test_create_order_api - 30] - 请求地址：http://e.cn/api/v1/order
2020-10-13 10:00:59,778 - INFO - [testOrderApi.py - test_create_order_api - 31] - 响应数据：{'msg': 'Token已过期或无效Token', 'error_code': 10001, 'request_url': '/api/v1/order'}
2020-10-13 10:00:59,783 - INFO - [order.py - query_order_pai - 47] - 订单-详情
2020-10-13 10:00:59,803 - INFO - [testOrderApi.py - test_query_order_pai - 45] - 请求地址：http://e.cn/api/v1/order/112
2020-10-13 10:00:59,804 - INFO - [testOrderApi.py - test_query_order_pai - 46] - 响应数据：{'msg': 'Token已过期或无效Token', 'error_code': 10001, 'request_url': '/api/v1/order/112'}
2020-10-13 10:00:59,811 - INFO - [product.py - product_classify_api - 23] - 商品-商品分类
2020-10-13 10:00:59,851 - INFO - [testProductApi.py - test_product_classify_api - 18] - 请求地址：http://e.cn/api/v1/category/all
2020-10-13 10:00:59,852 - INFO - [testProductApi.py - test_product_classify_api - 19] - 响应数据：[{'id': 2, 'name': '果味', 'topic_img_id': 6, 'description': None, 'update_time': '1970-01-01 08:00:00', 'img': {'url': 'http://e.cn/images/category-dryfruit.png', 'update_time': '1970-01-01 08:00:00'}}, {'id': 3, 'name': '蔬菜', 'topic_img_id': 5, 'description': None, 'update_time': '1970-01-01 08:00:00', 'img': {'url': 'http://e.cn/images/category-vg.png', 'update_time': '1970-01-01 08:00:00'}}, {'id': 4, 'name': '炒货', 'topic_img_id': 7, 'description': None, 'update_time': '1970-01-01 08:00:00', 'img': {'url': 'http://e.cn/images/category-fry-a.png', 'update_time': '1970-01-01 08:00:00'}}, {'id': 5, 'name': '点心', 'topic_img_id': 4, 'description': None, 'update_time': '1970-01-01 08:00:00', 'img': {'url': 'http://e.cn/images/category-cake.png', 'update_time': '1970-01-01 08:00:00'}}, {'id': 6, 'name': '粗茶', 'topic_img_id': 8, 'description': None, 'update_time': '1970-01-01 08:00:00', 'img': {'url': 'http://e.cn/images/category-tea.png', 'update_time': '1970-01-01 08:00:00'}}, {'id': 7, 'name': '淡饭', 'topic_img_id': 9, 'description': None, 'update_time': '1970-01-01 08:00:00', 'img': {'url': 'http://e.cn/images/category-rice.png', 'update_time': '1970-01-01 08:00:00'}}]
2020-10-13 10:00:59,854 - INFO - [product.py - classify_product_api - 32] - 商品-分类下商品
2020-10-13 10:00:59,854 - INFO - [product.py - classify_product_api - 35] - 请求参数：{'id': 2}
2020-10-13 10:00:59,889 - INFO - [testProductApi.py - test_classify_product_api - 34] - 请求地址：http://e.cn/api/v1/product/by_category?id=2
2020-10-13 10:00:59,890 - INFO - [testProductApi.py - test_classify_product_api - 35] - 响应数据：[{'id': 2, 'name': '梨花带雨 3个', 'price': '0.01', 'stock': 984, 'main_img_url': 'http://e.cn/images/product-dryfruit@1.png', 'img_id': 10}, {'id': 5, 'name': '春生龙眼 500克', 'price': '0.01', 'stock': 995, 'main_img_url': 'http://e.cn/images/product-dryfruit@2.png', 'img_id': 33}, {'id': 8, 'name': '夏日芒果 3个', 'price': '0.01', 'stock': 995, 'main_img_url': 'http://e.cn/images/product-dryfruit@3.png', 'img_id': 36}, {'id': 9, 'name': '冬木红枣 500克', 'price': '0.01', 'stock': 996, 'main_img_url': 'http://e.cn/images/product-dryfruit@4.png', 'img_id': 37}, {'id': 10, 'name': '万紫千凤梨 300克', 'price': '0.01', 'stock': 996, 'main_img_url': 'http://e.cn/images/product-dryfruit@5.png', 'img_id': 38}, {'id': 11, 'name': '贵妃笑 100克', 'price': '0.01', 'stock': 994, 'main_img_url': 'http://e.cn/images/product-dryfruit-a@6.png', 'img_id': 39}, {'id': 12, 'name': '珍奇异果 3个', 'price': '0.01', 'stock': 999, 'main_img_url': 'http://e.cn/images/product-dryfruit@7.png', 'img_id': 40}, {'id': 26, 'name': '红衣青瓜 混搭160克', 'price': '0.01', 'stock': 999, 'main_img_url': 'http://e.cn/images/product-dryfruit@8.png', 'img_id': 56}]
2020-10-13 10:00:59,893 - INFO - [product.py - product_detail_api - 44] - 商品-商品信息
2020-10-13 10:00:59,940 - INFO - [testProductApi.py - test_product_detail_api - 50] - 请求地址：http://e.cn/api/v1/product/2
2020-10-13 10:00:59,941 - INFO - [testProductApi.py - test_product_detail_api - 51] - 响应数据：{'id': 2, 'name': '梨花带雨 3个', 'price': '0.01', 'stock': 984, 'main_img_url': 'http://e.cn/images/product-dryfruit@1.png', 'summary': None, 'img_id': 10, 'imgs': [], 'properties': [{'name': '品名', 'detail': '梨子', 'update_time': '1970-01-01 08:00:00'}, {'name': '产地', 'detail': '金星', 'update_time': '1970-01-01 08:00:00'}, {'name': '净含量', 'detail': '100g', 'update_time': '1970-01-01 08:00:00'}, {'name': '保质期', 'detail': '10天', 'update_time': '1970-01-01 08:00:00'}]}
2020-10-13 10:01:37,712 - INFO - [user.py - token_user_api - 18] - 获取token
2020-10-13 10:01:37,713 - INFO - [user.py - token_user_api - 20] - 请求参数：{'code': '041zADFa1QuCMz0Ui5Ia1NhRRd3zADFD'}
2020-10-13 10:01:37,860 - INFO - [testUserApi.py - test_token_user_api - 15] - 请求地址：http://e.cn/api/v1/token/user
2020-10-13 10:01:37,860 - INFO - [testUserApi.py - test_token_user_api - 16] - 响应数据：{'token': '49e4bbc4b668119ea93d3058bfb9d207'}
2020-10-13 10:01:37,863 - INFO - [user.py - token_verify_api - 25] - 验证token
2020-10-13 10:01:37,864 - INFO - [user.py - token_verify_api - 27] - 请求参数：{'token': '49e4bbc4b668119ea93d3058bfb9d207'}
2020-10-13 10:01:37,883 - INFO - [testUserApi.py - test_token_verify_api - 28] - 请求地址：http://e.cn/api/v1/token/verify
2020-10-13 10:01:37,884 - INFO - [testUserApi.py - test_token_verify_api - 29] - 响应数据：{'isValid': True}
2020-10-13 10:01:37,886 - INFO - [user.py - address_api - 32] - 获取地址
2020-10-13 10:01:37,921 - INFO - [testUserApi.py - test_address_api - 38] - 请求地址：http://e.cn/api/v1/address
2020-10-13 10:01:37,921 - INFO - [testUserApi.py - test_address_api - 39] - 响应数据：{'name': '肖肖', 'mobile': '13862812345', 'province': '上海市', 'city': '上海市', 'country': '浦东区', 'detail': '123号', 'update_time': '1970-01-01 08:00:00'}
2020-10-13 10:01:37,924 - INFO - [home.py - banner_api - 24] - 首页-轮播图
2020-10-13 10:01:37,973 - INFO - [testHomeApi.py - test_banner_api - 14] - 请求地址：http://e.cn/api/v1/banner/1
2020-10-13 10:01:37,973 - INFO - [testHomeApi.py - test_banner_api - 15] - 响应数据：{'id': 1, 'name': '首页置顶', 'description': '首页轮播图', 'update_time': '1970-01-01 08:00:00', 'items': [{'key_word': '6', 'type': 1, 'update_time': '1970-01-01 08:00:00', 'img': {'url': 'http://e.cn/images/banner-4a.png', 'update_time': '1970-01-01 08:00:00'}}, {'key_word': '25', 'type': 1, 'update_time': '1970-01-01 08:00:00', 'img': {'url': 'http://e.cn/images/banner-2a.png', 'update_time': '1970-01-01 08:00:00'}}, {'key_word': '11', 'type': 1, 'update_time': '1970-01-01 08:00:00', 'img': {'url': 'http://e.cn/images/banner-3a.png', 'update_time': '1970-01-01 08:00:00'}}, {'key_word': '21', 'type': 1, 'update_time': '1970-01-01 08:00:00', 'img': {'url': 'http://e.cn/images/banner-5a.png', 'update_time': '1970-01-01 08:00:00'}}, {'key_word': '10', 'type': 1, 'update_time': '1970-01-01 08:00:00', 'img': {'url': 'http://e.cn/images/banner-1a.png', 'update_time': '1970-01-01 08:00:00'}}]}
2020-10-13 10:01:37,976 - INFO - [home.py - theme_api - 33] - 首页-专题栏
2020-10-13 10:01:37,976 - INFO - [home.py - theme_api - 35] - 请求参数：{'ids': '1,2,3'}
2020-10-13 10:01:38,019 - INFO - [testHomeApi.py - test_theme_api - 27] - 请求地址：http://e.cn/api/v1/theme?ids=1%2C2%2C3
2020-10-13 10:01:38,020 - INFO - [testHomeApi.py - test_theme_api - 28] - 响应数据：[{'id': 1, 'name': '专题栏位一', 'description': '美味水果世界', 'update_time': '1970-01-01 08:00:00', 'topic_img': {'url': 'http://e.cn/images/1@theme.png', 'update_time': '1970-01-01 08:00:00'}, 'head_img': {'url': 'http://e.cn/images/1@theme-head.png', 'update_time': '1970-01-01 08:00:00'}}, {'id': 2, 'name': '专题栏位二', 'description': '新品推荐', 'update_time': '1970-01-01 08:00:00', 'topic_img': {'url': 'http://e.cn/images/2@theme.png', 'update_time': '1970-01-01 08:00:00'}, 'head_img': {'url': 'http://e.cn/images/2@theme-head.png', 'update_time': '1970-01-01 08:00:00'}}, {'id': 3, 'name': '专题栏位三', 'description': '做个干物女', 'update_time': '1970-01-01 08:00:00', 'topic_img': {'url': 'http://e.cn/images/3@theme.png', 'update_time': '1970-01-01 08:00:00'}, 'head_img': {'url': 'http://e.cn/images/3@theme.png', 'update_time': '1970-01-01 08:00:00'}}]
2020-10-13 10:01:38,022 - INFO - [home.py - product_recent_api - 43] - 首页-最近新品
2020-10-13 10:01:38,057 - INFO - [testHomeApi.py - test_product_recent_api - 43] - 请求地址：http://e.cn/api/v1/product/recent
2020-10-13 10:01:38,057 - INFO - [testHomeApi.py - test_product_recent_api - 44] - 响应数据：[{'id': 1, 'name': '芹菜 半斤', 'price': '0.01', 'stock': 2, 'main_img_url': 'http://e.cn/images/product-vg@1.png', 'img_id': 13}, {'id': 2, 'name': '梨花带雨 3个', 'price': '0.01', 'stock': 984, 'main_img_url': 'http://e.cn/images/product-dryfruit@1.png', 'img_id': 10}, {'id': 3, 'name': '素米 327克', 'price': '0.01', 'stock': 996, 'main_img_url': 'http://e.cn/images/product-rice@1.png', 'img_id': 31}, {'id': 4, 'name': '红袖枸杞 6克*3袋', 'price': '0.01', 'stock': 998, 'main_img_url': 'http://e.cn/images/product-tea@1.png', 'img_id': 32}, {'id': 5, 'name': '春生龙眼 500克', 'price': '0.01', 'stock': 995, 'main_img_url': 'http://e.cn/images/product-dryfruit@2.png', 'img_id': 33}, {'id': 6, 'name': '小红的猪耳朵 120克', 'price': '0.01', 'stock': 997, 'main_img_url': 'http://e.cn/images/product-cake@2.png', 'img_id': 53}, {'id': 7, 'name': '泥蒿 半斤', 'price': '0.01', 'stock': 998, 'main_img_url': 'http://e.cn/images/product-vg@2.png', 'img_id': 68}, {'id': 8, 'name': '夏日芒果 3个', 'price': '0.01', 'stock': 995, 'main_img_url': 'http://e.cn/images/product-dryfruit@3.png', 'img_id': 36}, {'id': 9, 'name': '冬木红枣 500克', 'price': '0.01', 'stock': 996, 'main_img_url': 'http://e.cn/images/product-dryfruit@4.png', 'img_id': 37}, {'id': 10, 'name': '万紫千凤梨 300克', 'price': '0.01', 'stock': 996, 'main_img_url': 'http://e.cn/images/product-dryfruit@5.png', 'img_id': 38}, {'id': 11, 'name': '贵妃笑 100克', 'price': '0.01', 'stock': 994, 'main_img_url': 'http://e.cn/images/product-dryfruit-a@6.png', 'img_id': 39}, {'id': 12, 'name': '珍奇异果 3个', 'price': '0.01', 'stock': 999, 'main_img_url': 'http://e.cn/images/product-dryfruit@7.png', 'img_id': 40}, {'id': 13, 'name': '绿豆 125克', 'price': '0.01', 'stock': 999, 'main_img_url': 'http://e.cn/images/product-rice@2.png', 'img_id': 41}, {'id': 14, 'name': '芝麻 50克', 'price': '0.01', 'stock': 999, 'main_img_url': 'http://e.cn/images/product-rice@3.png', 'img_id': 42}, {'id': 15, 'name': '猴头菇 370克', 'price': '0.01', 'stock': 999, 'main_img_url': 'http://e.cn/images/product-rice@4.png', 'img_id': 43}]
2020-10-13 10:01:38,060 - INFO - [order.py - order_list_api - 21] - 订单-列表
2020-10-13 10:01:38,060 - INFO - [order.py - order_list_api - 24] - 请求参数：{'page': 1}
2020-10-13 10:01:38,098 - INFO - [testOrderApi.py - test_order_list_api - 15] - 请求地址：http://e.cn/api/v1/order/by_user?page=1
2020-10-13 10:01:38,098 - INFO - [testOrderApi.py - test_order_list_api - 16] - 响应数据：{'current_page': 1, 'data': [{'id': 125, 'order_no': 'DA13542557119140', 'create_time': '2020-10-13 09:57:35', 'total_price': '0.01', 'status': 1, 'snap_img': 'http://e.cn/images/product-dryfruit@7.png', 'snap_name': '珍奇异果 3个', 'total_count': 1, 'prepay_id': None}, {'id': 124, 'order_no': 'DA13515889150358', 'create_time': '2020-10-13 09:13:08', 'total_price': '0.01', 'status': 1, 'snap_img': 'http://e.cn/images/product-dryfruit@7.png', 'snap_name': '珍奇异果 3个', 'total_count': 1, 'prepay_id': None}, {'id': 123, 'order_no': 'DA13515252587846', 'create_time': '2020-10-13 09:12:05', 'total_price': '0.01', 'status': 1, 'snap_img': 'http://e.cn/images/product-dryfruit@7.png', 'snap_name': '珍奇异果 3个', 'total_count': 1, 'prepay_id': None}, {'id': 122, 'order_no': 'DA13507863681613', 'create_time': '2020-10-13 08:59:46', 'total_price': '0.01', 'status': 1, 'snap_img': 'http://e.cn/images/product-dryfruit@7.png', 'snap_name': '珍奇异果 3个', 'total_count': 1, 'prepay_id': None}, {'id': 121, 'order_no': 'DA13502109658207', 'create_time': '2020-10-13 08:50:10', 'total_price': '0.01', 'status': 1, 'snap_img': 'http://e.cn/images/product-dryfruit@7.png', 'snap_name': '珍奇异果 3个', 'total_count': 1, 'prepay_id': None}, {'id': 120, 'order_no': 'DA12942224410354', 'create_time': '2020-10-12 17:17:02', 'total_price': '0.01', 'status': 1, 'snap_img': 'http://e.cn/images/product-dryfruit@7.png', 'snap_name': '珍奇异果 3个', 'total_count': 1, 'prepay_id': None}, {'id': 119, 'order_no': 'DA12915441480674', 'create_time': '2020-10-12 16:32:24', 'total_price': '0.01', 'status': 1, 'snap_img': 'http://e.cn/images/product-dryfruit@7.png', 'snap_name': '珍奇异果 3个', 'total_count': 1, 'prepay_id': None}, {'id': 118, 'order_no': 'DA11061315990291', 'create_time': '2020-10-11 16:48:51', 'total_price': '0.01', 'status': 1, 'snap_img': 'http://e.cn/images/product-dryfruit@3.png', 'snap_name': '夏日芒果 3个', 'total_count': 1, 'prepay_id': None}, {'id': 117, 'order_no': 'DA11055739583953', 'create_time': '2020-10-11 16:39:33', 'total_price': '0.01', 'status': 1, 'snap_img': 'http://e.cn/images/product-dryfruit@3.png', 'snap_name': '夏日芒果 3个', 'total_count': 1, 'prepay_id': None}, {'id': 116, 'order_no': 'DA11040296146492', 'create_time': '2020-10-11 16:13:49', 'total_price': '0.01', 'status': 1, 'snap_img': 'http://e.cn/images/product-dryfruit@3.png', 'snap_name': '夏日芒果 3个', 'total_count': 1, 'prepay_id': None}, {'id': 115, 'order_no': 'DA11023127240273', 'create_time': '2020-10-11 15:45:12', 'total_price': '0.01', 'status': 1, 'snap_img': 'http://e.cn/images/product-dryfruit@3.png', 'snap_name': '夏日芒果 3个', 'total_count': 1, 'prepay_id': None}, {'id': 114, 'order_no': 'DA11022622865275', 'create_time': '2020-10-11 15:44:22', 'total_price': '0.01', 'status': 1, 'snap_img': 'http://e.cn/images/product-dryfruit@3.png', 'snap_name': '夏日芒果 3个', 'total_count': 1, 'prepay_id': None}, {'id': 113, 'order_no': 'DA11018643646418', 'create_time': '2020-10-11 15:37:44', 'total_price': '0.01', 'status': 1, 'snap_img': 'http://e.cn/images/product-dryfruit@3.png', 'snap_name': '夏日芒果 3个', 'total_count': 1, 'prepay_id': None}, {'id': 112, 'order_no': 'DA11005170521441', 'create_time': '2020-10-11 15:15:17', 'total_price': '0.01', 'status': 1, 'snap_img': 'http://e.cn/images/product-dryfruit@3.png', 'snap_name': '夏日芒果 3个', 'total_count': 1, 'prepay_id': None}]}
2020-10-13 10:01:38,101 - INFO - [order.py - create_order_api - 34] - 订单-创建
2020-10-13 10:01:38,101 - INFO - [order.py - create_order_api - 37] - 请求参数：{'products': [{'product_id': 12, 'count': 1}]}
2020-10-13 10:01:38,165 - INFO - [testOrderApi.py - test_create_order_api - 30] - 请求地址：http://e.cn/api/v1/order
2020-10-13 10:01:38,166 - INFO - [testOrderApi.py - test_create_order_api - 31] - 响应数据：{'order_no': 'DA13544984150332', 'order_id': '126', 'create_time': '2020-10-13 10:01:38', 'pass': True}
2020-10-13 10:01:38,168 - INFO - [order.py - query_order_pai - 47] - 订单-详情
2020-10-13 10:01:38,203 - INFO - [testOrderApi.py - test_query_order_pai - 45] - 请求地址：http://e.cn/api/v1/order/112
2020-10-13 10:01:38,203 - INFO - [testOrderApi.py - test_query_order_pai - 46] - 响应数据：{'id': 112, 'order_no': 'DA11005170521441', 'create_time': '2020-10-11 15:15:17', 'total_price': '0.01', 'status': 1, 'snap_img': 'http://e.cn/images/product-dryfruit@3.png', 'snap_name': '夏日芒果 3个', 'total_count': 1, 'snap_items': [{'id': 8, 'name': '夏日芒果 3个', 'main_img_url': 'http://e.cn/images/product-dryfruit@3.png', 'count': 1, 'totalPrice': 0.01, 'price': '0.01', 'counts': 1}], 'snap_address': {'name': '肖肖', 'mobile': '13862812345', 'province': '上海市', 'city': '上海市', 'country': '浦东区', 'detail': '123号', 'update_time': '1970-01-01 08:00:00'}}
2020-10-13 10:01:38,206 - INFO - [product.py - product_classify_api - 23] - 商品-商品分类
2020-10-13 10:01:38,247 - INFO - [testProductApi.py - test_product_classify_api - 18] - 请求地址：http://e.cn/api/v1/category/all
2020-10-13 10:01:38,247 - INFO - [testProductApi.py - test_product_classify_api - 19] - 响应数据：[{'id': 2, 'name': '果味', 'topic_img_id': 6, 'description': None, 'update_time': '1970-01-01 08:00:00', 'img': {'url': 'http://e.cn/images/category-dryfruit.png', 'update_time': '1970-01-01 08:00:00'}}, {'id': 3, 'name': '蔬菜', 'topic_img_id': 5, 'description': None, 'update_time': '1970-01-01 08:00:00', 'img': {'url': 'http://e.cn/images/category-vg.png', 'update_time': '1970-01-01 08:00:00'}}, {'id': 4, 'name': '炒货', 'topic_img_id': 7, 'description': None, 'update_time': '1970-01-01 08:00:00', 'img': {'url': 'http://e.cn/images/category-fry-a.png', 'update_time': '1970-01-01 08:00:00'}}, {'id': 5, 'name': '点心', 'topic_img_id': 4, 'description': None, 'update_time': '1970-01-01 08:00:00', 'img': {'url': 'http://e.cn/images/category-cake.png', 'update_time': '1970-01-01 08:00:00'}}, {'id': 6, 'name': '粗茶', 'topic_img_id': 8, 'description': None, 'update_time': '1970-01-01 08:00:00', 'img': {'url': 'http://e.cn/images/category-tea.png', 'update_time': '1970-01-01 08:00:00'}}, {'id': 7, 'name': '淡饭', 'topic_img_id': 9, 'description': None, 'update_time': '1970-01-01 08:00:00', 'img': {'url': 'http://e.cn/images/category-rice.png', 'update_time': '1970-01-01 08:00:00'}}]
2020-10-13 10:01:38,249 - INFO - [product.py - classify_product_api - 32] - 商品-分类下商品
2020-10-13 10:01:38,250 - INFO - [product.py - classify_product_api - 35] - 请求参数：{'id': 2}
2020-10-13 10:01:38,286 - INFO - [testProductApi.py - test_classify_product_api - 34] - 请求地址：http://e.cn/api/v1/product/by_category?id=2
2020-10-13 10:01:38,287 - INFO - [testProductApi.py - test_classify_product_api - 35] - 响应数据：[{'id': 2, 'name': '梨花带雨 3个', 'price': '0.01', 'stock': 984, 'main_img_url': 'http://e.cn/images/product-dryfruit@1.png', 'img_id': 10}, {'id': 5, 'name': '春生龙眼 500克', 'price': '0.01', 'stock': 995, 'main_img_url': 'http://e.cn/images/product-dryfruit@2.png', 'img_id': 33}, {'id': 8, 'name': '夏日芒果 3个', 'price': '0.01', 'stock': 995, 'main_img_url': 'http://e.cn/images/product-dryfruit@3.png', 'img_id': 36}, {'id': 9, 'name': '冬木红枣 500克', 'price': '0.01', 'stock': 996, 'main_img_url': 'http://e.cn/images/product-dryfruit@4.png', 'img_id': 37}, {'id': 10, 'name': '万紫千凤梨 300克', 'price': '0.01', 'stock': 996, 'main_img_url': 'http://e.cn/images/product-dryfruit@5.png', 'img_id': 38}, {'id': 11, 'name': '贵妃笑 100克', 'price': '0.01', 'stock': 994, 'main_img_url': 'http://e.cn/images/product-dryfruit-a@6.png', 'img_id': 39}, {'id': 12, 'name': '珍奇异果 3个', 'price': '0.01', 'stock': 999, 'main_img_url': 'http://e.cn/images/product-dryfruit@7.png', 'img_id': 40}, {'id': 26, 'name': '红衣青瓜 混搭160克', 'price': '0.01', 'stock': 999, 'main_img_url': 'http://e.cn/images/product-dryfruit@8.png', 'img_id': 56}]
2020-10-13 10:01:38,290 - INFO - [product.py - product_detail_api - 44] - 商品-商品信息
2020-10-13 10:01:38,337 - INFO - [testProductApi.py - test_product_detail_api - 50] - 请求地址：http://e.cn/api/v1/product/2
2020-10-13 10:01:38,337 - INFO - [testProductApi.py - test_product_detail_api - 51] - 响应数据：{'id': 2, 'name': '梨花带雨 3个', 'price': '0.01', 'stock': 984, 'main_img_url': 'http://e.cn/images/product-dryfruit@1.png', 'summary': None, 'img_id': 10, 'imgs': [], 'properties': [{'name': '品名', 'detail': '梨子', 'update_time': '1970-01-01 08:00:00'}, {'name': '产地', 'detail': '金星', 'update_time': '1970-01-01 08:00:00'}, {'name': '净含量', 'detail': '100g', 'update_time': '1970-01-01 08:00:00'}, {'name': '保质期', 'detail': '10天', 'update_time': '1970-01-01 08:00:00'}]}
2020-10-13 10:21:31,716 - INFO - [user.py - token_user_api - 18] - 获取token
2020-10-13 10:21:31,716 - INFO - [user.py - token_user_api - 20] - 请求参数：{'code': '061Fp4000z2esK1VYr200x7SvB0Fp40O'}
2020-10-13 10:21:31,861 - INFO - [testUserApi.py - test_token_user_api - 15] - 请求地址：http://e.cn/api/v1/token/user
2020-10-13 10:21:31,862 - INFO - [testUserApi.py - test_token_user_api - 16] - 响应数据：{'token': '73675908b9537a5a6a36b295035520cf'}
2020-10-13 10:21:31,865 - INFO - [user.py - token_verify_api - 25] - 验证token
2020-10-13 10:21:31,865 - INFO - [user.py - token_verify_api - 27] - 请求参数：{'token': '73675908b9537a5a6a36b295035520cf'}
2020-10-13 10:21:31,883 - INFO - [testUserApi.py - test_token_verify_api - 28] - 请求地址：http://e.cn/api/v1/token/verify
2020-10-13 10:21:31,883 - INFO - [testUserApi.py - test_token_verify_api - 29] - 响应数据：{'isValid': True}
2020-10-13 10:21:31,887 - INFO - [user.py - address_api - 32] - 获取地址
2020-10-13 10:21:31,922 - INFO - [testUserApi.py - test_address_api - 38] - 请求地址：http://e.cn/api/v1/address
2020-10-13 10:21:31,923 - INFO - [testUserApi.py - test_address_api - 39] - 响应数据：{'name': '肖肖', 'mobile': '13862812345', 'province': '上海市', 'city': '上海市', 'country': '浦东区', 'detail': '123号', 'update_time': '1970-01-01 08:00:00'}
2020-10-13 10:21:31,931 - INFO - [home.py - banner_api - 24] - 首页-轮播图
2020-10-13 10:21:31,981 - INFO - [testHomeApi.py - test_banner_api - 14] - 请求地址：http://e.cn/api/v1/banner/1
2020-10-13 10:21:31,982 - INFO - [testHomeApi.py - test_banner_api - 15] - 响应数据：{'id': 1, 'name': '首页置顶', 'description': '首页轮播图', 'update_time': '1970-01-01 08:00:00', 'items': [{'key_word': '6', 'type': 1, 'update_time': '1970-01-01 08:00:00', 'img': {'url': 'http://e.cn/images/banner-4a.png', 'update_time': '1970-01-01 08:00:00'}}, {'key_word': '25', 'type': 1, 'update_time': '1970-01-01 08:00:00', 'img': {'url': 'http://e.cn/images/banner-2a.png', 'update_time': '1970-01-01 08:00:00'}}, {'key_word': '11', 'type': 1, 'update_time': '1970-01-01 08:00:00', 'img': {'url': 'http://e.cn/images/banner-3a.png', 'update_time': '1970-01-01 08:00:00'}}, {'key_word': '21', 'type': 1, 'update_time': '1970-01-01 08:00:00', 'img': {'url': 'http://e.cn/images/banner-5a.png', 'update_time': '1970-01-01 08:00:00'}}, {'key_word': '10', 'type': 1, 'update_time': '1970-01-01 08:00:00', 'img': {'url': 'http://e.cn/images/banner-1a.png', 'update_time': '1970-01-01 08:00:00'}}]}
2020-10-13 10:21:31,985 - INFO - [home.py - theme_api - 33] - 首页-专题栏
2020-10-13 10:21:31,985 - INFO - [home.py - theme_api - 35] - 请求参数：{'ids': '1,2,3'}
2020-10-13 10:21:32,030 - INFO - [testHomeApi.py - test_theme_api - 27] - 请求地址：http://e.cn/api/v1/theme?ids=1%2C2%2C3
2020-10-13 10:21:32,031 - INFO - [testHomeApi.py - test_theme_api - 28] - 响应数据：[{'id': 1, 'name': '专题栏位一', 'description': '美味水果世界', 'update_time': '1970-01-01 08:00:00', 'topic_img': {'url': 'http://e.cn/images/1@theme.png', 'update_time': '1970-01-01 08:00:00'}, 'head_img': {'url': 'http://e.cn/images/1@theme-head.png', 'update_time': '1970-01-01 08:00:00'}}, {'id': 2, 'name': '专题栏位二', 'description': '新品推荐', 'update_time': '1970-01-01 08:00:00', 'topic_img': {'url': 'http://e.cn/images/2@theme.png', 'update_time': '1970-01-01 08:00:00'}, 'head_img': {'url': 'http://e.cn/images/2@theme-head.png', 'update_time': '1970-01-01 08:00:00'}}, {'id': 3, 'name': '专题栏位三', 'description': '做个干物女', 'update_time': '1970-01-01 08:00:00', 'topic_img': {'url': 'http://e.cn/images/3@theme.png', 'update_time': '1970-01-01 08:00:00'}, 'head_img': {'url': 'http://e.cn/images/3@theme.png', 'update_time': '1970-01-01 08:00:00'}}]
2020-10-13 10:21:32,034 - INFO - [home.py - product_recent_api - 43] - 首页-最近新品
2020-10-13 10:21:32,069 - INFO - [testHomeApi.py - test_product_recent_api - 43] - 请求地址：http://e.cn/api/v1/product/recent
2020-10-13 10:21:32,070 - INFO - [testHomeApi.py - test_product_recent_api - 44] - 响应数据：[{'id': 1, 'name': '芹菜 半斤', 'price': '0.01', 'stock': 2, 'main_img_url': 'http://e.cn/images/product-vg@1.png', 'img_id': 13}, {'id': 2, 'name': '梨花带雨 3个', 'price': '0.01', 'stock': 984, 'main_img_url': 'http://e.cn/images/product-dryfruit@1.png', 'img_id': 10}, {'id': 3, 'name': '素米 327克', 'price': '0.01', 'stock': 996, 'main_img_url': 'http://e.cn/images/product-rice@1.png', 'img_id': 31}, {'id': 4, 'name': '红袖枸杞 6克*3袋', 'price': '0.01', 'stock': 998, 'main_img_url': 'http://e.cn/images/product-tea@1.png', 'img_id': 32}, {'id': 5, 'name': '春生龙眼 500克', 'price': '0.01', 'stock': 995, 'main_img_url': 'http://e.cn/images/product-dryfruit@2.png', 'img_id': 33}, {'id': 6, 'name': '小红的猪耳朵 120克', 'price': '0.01', 'stock': 997, 'main_img_url': 'http://e.cn/images/product-cake@2.png', 'img_id': 53}, {'id': 7, 'name': '泥蒿 半斤', 'price': '0.01', 'stock': 998, 'main_img_url': 'http://e.cn/images/product-vg@2.png', 'img_id': 68}, {'id': 8, 'name': '夏日芒果 3个', 'price': '0.01', 'stock': 995, 'main_img_url': 'http://e.cn/images/product-dryfruit@3.png', 'img_id': 36}, {'id': 9, 'name': '冬木红枣 500克', 'price': '0.01', 'stock': 996, 'main_img_url': 'http://e.cn/images/product-dryfruit@4.png', 'img_id': 37}, {'id': 10, 'name': '万紫千凤梨 300克', 'price': '0.01', 'stock': 996, 'main_img_url': 'http://e.cn/images/product-dryfruit@5.png', 'img_id': 38}, {'id': 11, 'name': '贵妃笑 100克', 'price': '0.01', 'stock': 994, 'main_img_url': 'http://e.cn/images/product-dryfruit-a@6.png', 'img_id': 39}, {'id': 12, 'name': '珍奇异果 3个', 'price': '0.01', 'stock': 999, 'main_img_url': 'http://e.cn/images/product-dryfruit@7.png', 'img_id': 40}, {'id': 13, 'name': '绿豆 125克', 'price': '0.01', 'stock': 999, 'main_img_url': 'http://e.cn/images/product-rice@2.png', 'img_id': 41}, {'id': 14, 'name': '芝麻 50克', 'price': '0.01', 'stock': 999, 'main_img_url': 'http://e.cn/images/product-rice@3.png', 'img_id': 42}, {'id': 15, 'name': '猴头菇 370克', 'price': '0.01', 'stock': 999, 'main_img_url': 'http://e.cn/images/product-rice@4.png', 'img_id': 43}]
2020-10-13 10:21:32,074 - INFO - [order.py - order_list_api - 21] - 订单-列表
2020-10-13 10:21:32,075 - INFO - [order.py - order_list_api - 24] - 请求参数：{'page': 1}
2020-10-13 10:21:32,112 - INFO - [testOrderApi.py - test_order_list_api - 15] - 请求地址：http://e.cn/api/v1/order/by_user?page=1
2020-10-13 10:21:32,113 - INFO - [testOrderApi.py - test_order_list_api - 16] - 响应数据：{'current_page': 1, 'data': [{'id': 126, 'order_no': 'DA13544984150332', 'create_time': '2020-10-13 10:01:38', 'total_price': '0.01', 'status': 1, 'snap_img': 'http://e.cn/images/product-dryfruit@7.png', 'snap_name': '珍奇异果 3个', 'total_count': 1, 'prepay_id': None}, {'id': 125, 'order_no': 'DA13542557119140', 'create_time': '2020-10-13 09:57:35', 'total_price': '0.01', 'status': 1, 'snap_img': 'http://e.cn/images/product-dryfruit@7.png', 'snap_name': '珍奇异果 3个', 'total_count': 1, 'prepay_id': None}, {'id': 124, 'order_no': 'DA13515889150358', 'create_time': '2020-10-13 09:13:08', 'total_price': '0.01', 'status': 1, 'snap_img': 'http://e.cn/images/product-dryfruit@7.png', 'snap_name': '珍奇异果 3个', 'total_count': 1, 'prepay_id': None}, {'id': 123, 'order_no': 'DA13515252587846', 'create_time': '2020-10-13 09:12:05', 'total_price': '0.01', 'status': 1, 'snap_img': 'http://e.cn/images/product-dryfruit@7.png', 'snap_name': '珍奇异果 3个', 'total_count': 1, 'prepay_id': None}, {'id': 122, 'order_no': 'DA13507863681613', 'create_time': '2020-10-13 08:59:46', 'total_price': '0.01', 'status': 1, 'snap_img': 'http://e.cn/images/product-dryfruit@7.png', 'snap_name': '珍奇异果 3个', 'total_count': 1, 'prepay_id': None}, {'id': 121, 'order_no': 'DA13502109658207', 'create_time': '2020-10-13 08:50:10', 'total_price': '0.01', 'status': 1, 'snap_img': 'http://e.cn/images/product-dryfruit@7.png', 'snap_name': '珍奇异果 3个', 'total_count': 1, 'prepay_id': None}, {'id': 120, 'order_no': 'DA12942224410354', 'create_time': '2020-10-12 17:17:02', 'total_price': '0.01', 'status': 1, 'snap_img': 'http://e.cn/images/product-dryfruit@7.png', 'snap_name': '珍奇异果 3个', 'total_count': 1, 'prepay_id': None}, {'id': 119, 'order_no': 'DA12915441480674', 'create_time': '2020-10-12 16:32:24', 'total_price': '0.01', 'status': 1, 'snap_img': 'http://e.cn/images/product-dryfruit@7.png', 'snap_name': '珍奇异果 3个', 'total_count': 1, 'prepay_id': None}, {'id': 118, 'order_no': 'DA11061315990291', 'create_time': '2020-10-11 16:48:51', 'total_price': '0.01', 'status': 1, 'snap_img': 'http://e.cn/images/product-dryfruit@3.png', 'snap_name': '夏日芒果 3个', 'total_count': 1, 'prepay_id': None}, {'id': 117, 'order_no': 'DA11055739583953', 'create_time': '2020-10-11 16:39:33', 'total_price': '0.01', 'status': 1, 'snap_img': 'http://e.cn/images/product-dryfruit@3.png', 'snap_name': '夏日芒果 3个', 'total_count': 1, 'prepay_id': None}, {'id': 116, 'order_no': 'DA11040296146492', 'create_time': '2020-10-11 16:13:49', 'total_price': '0.01', 'status': 1, 'snap_img': 'http://e.cn/images/product-dryfruit@3.png', 'snap_name': '夏日芒果 3个', 'total_count': 1, 'prepay_id': None}, {'id': 115, 'order_no': 'DA11023127240273', 'create_time': '2020-10-11 15:45:12', 'total_price': '0.01', 'status': 1, 'snap_img': 'http://e.cn/images/product-dryfruit@3.png', 'snap_name': '夏日芒果 3个', 'total_count': 1, 'prepay_id': None}, {'id': 114, 'order_no': 'DA11022622865275', 'create_time': '2020-10-11 15:44:22', 'total_price': '0.01', 'status': 1, 'snap_img': 'http://e.cn/images/product-dryfruit@3.png', 'snap_name': '夏日芒果 3个', 'total_count': 1, 'prepay_id': None}, {'id': 113, 'order_no': 'DA11018643646418', 'create_time': '2020-10-11 15:37:44', 'total_price': '0.01', 'status': 1, 'snap_img': 'http://e.cn/images/product-dryfruit@3.png', 'snap_name': '夏日芒果 3个', 'total_count': 1, 'prepay_id': None}, {'id': 112, 'order_no': 'DA11005170521441', 'create_time': '2020-10-11 15:15:17', 'total_price': '0.01', 'status': 1, 'snap_img': 'http://e.cn/images/product-dryfruit@3.png', 'snap_name': '夏日芒果 3个', 'total_count': 1, 'prepay_id': None}]}
2020-10-13 10:21:32,117 - INFO - [order.py - create_order_api - 34] - 订单-创建
2020-10-13 10:21:32,117 - INFO - [order.py - create_order_api - 37] - 请求参数：{'products': [{'product_id': 12, 'count': 1}]}
2020-10-13 10:21:32,177 - INFO - [testOrderApi.py - test_create_order_api - 30] - 请求地址：http://e.cn/api/v1/order
2020-10-13 10:21:32,178 - INFO - [testOrderApi.py - test_create_order_api - 31] - 响应数据：{'order_no': 'DA13556924306684', 'order_id': '127', 'create_time': '2020-10-13 10:21:32', 'pass': True}
2020-10-13 10:21:32,181 - INFO - [order.py - query_order_pai - 47] - 订单-详情
2020-10-13 10:21:32,216 - INFO - [testOrderApi.py - test_query_order_pai - 45] - 请求地址：http://e.cn/api/v1/order/112
2020-10-13 10:21:32,216 - INFO - [testOrderApi.py - test_query_order_pai - 46] - 响应数据：{'id': 112, 'order_no': 'DA11005170521441', 'create_time': '2020-10-11 15:15:17', 'total_price': '0.01', 'status': 1, 'snap_img': 'http://e.cn/images/product-dryfruit@3.png', 'snap_name': '夏日芒果 3个', 'total_count': 1, 'snap_items': [{'id': 8, 'name': '夏日芒果 3个', 'main_img_url': 'http://e.cn/images/product-dryfruit@3.png', 'count': 1, 'totalPrice': 0.01, 'price': '0.01', 'counts': 1}], 'snap_address': {'name': '肖肖', 'mobile': '13862812345', 'province': '上海市', 'city': '上海市', 'country': '浦东区', 'detail': '123号', 'update_time': '1970-01-01 08:00:00'}}
2020-10-13 10:21:32,221 - INFO - [product.py - product_classify_api - 23] - 商品-商品分类
2020-10-13 10:21:32,263 - INFO - [testProductApi.py - test_product_classify_api - 18] - 请求地址：http://e.cn/api/v1/category/all
2020-10-13 10:21:32,264 - INFO - [testProductApi.py - test_product_classify_api - 19] - 响应数据：[{'id': 2, 'name': '果味', 'topic_img_id': 6, 'description': None, 'update_time': '1970-01-01 08:00:00', 'img': {'url': 'http://e.cn/images/category-dryfruit.png', 'update_time': '1970-01-01 08:00:00'}}, {'id': 3, 'name': '蔬菜', 'topic_img_id': 5, 'description': None, 'update_time': '1970-01-01 08:00:00', 'img': {'url': 'http://e.cn/images/category-vg.png', 'update_time': '1970-01-01 08:00:00'}}, {'id': 4, 'name': '炒货', 'topic_img_id': 7, 'description': None, 'update_time': '1970-01-01 08:00:00', 'img': {'url': 'http://e.cn/images/category-fry-a.png', 'update_time': '1970-01-01 08:00:00'}}, {'id': 5, 'name': '点心', 'topic_img_id': 4, 'description': None, 'update_time': '1970-01-01 08:00:00', 'img': {'url': 'http://e.cn/images/category-cake.png', 'update_time': '1970-01-01 08:00:00'}}, {'id': 6, 'name': '粗茶', 'topic_img_id': 8, 'description': None, 'update_time': '1970-01-01 08:00:00', 'img': {'url': 'http://e.cn/images/category-tea.png', 'update_time': '1970-01-01 08:00:00'}}, {'id': 7, 'name': '淡饭', 'topic_img_id': 9, 'description': None, 'update_time': '1970-01-01 08:00:00', 'img': {'url': 'http://e.cn/images/category-rice.png', 'update_time': '1970-01-01 08:00:00'}}]
2020-10-13 10:21:32,267 - INFO - [product.py - classify_product_api - 32] - 商品-分类下商品
2020-10-13 10:21:32,268 - INFO - [product.py - classify_product_api - 35] - 请求参数：{'id': 2}
2020-10-13 10:21:32,304 - INFO - [testProductApi.py - test_classify_product_api - 34] - 请求地址：http://e.cn/api/v1/product/by_category?id=2
2020-10-13 10:21:32,304 - INFO - [testProductApi.py - test_classify_product_api - 35] - 响应数据：[{'id': 2, 'name': '梨花带雨 3个', 'price': '0.01', 'stock': 984, 'main_img_url': 'http://e.cn/images/product-dryfruit@1.png', 'img_id': 10}, {'id': 5, 'name': '春生龙眼 500克', 'price': '0.01', 'stock': 995, 'main_img_url': 'http://e.cn/images/product-dryfruit@2.png', 'img_id': 33}, {'id': 8, 'name': '夏日芒果 3个', 'price': '0.01', 'stock': 995, 'main_img_url': 'http://e.cn/images/product-dryfruit@3.png', 'img_id': 36}, {'id': 9, 'name': '冬木红枣 500克', 'price': '0.01', 'stock': 996, 'main_img_url': 'http://e.cn/images/product-dryfruit@4.png', 'img_id': 37}, {'id': 10, 'name': '万紫千凤梨 300克', 'price': '0.01', 'stock': 996, 'main_img_url': 'http://e.cn/images/product-dryfruit@5.png', 'img_id': 38}, {'id': 11, 'name': '贵妃笑 100克', 'price': '0.01', 'stock': 994, 'main_img_url': 'http://e.cn/images/product-dryfruit-a@6.png', 'img_id': 39}, {'id': 12, 'name': '珍奇异果 3个', 'price': '0.01', 'stock': 999, 'main_img_url': 'http://e.cn/images/product-dryfruit@7.png', 'img_id': 40}, {'id': 26, 'name': '红衣青瓜 混搭160克', 'price': '0.01', 'stock': 999, 'main_img_url': 'http://e.cn/images/product-dryfruit@8.png', 'img_id': 56}]
2020-10-13 10:21:32,308 - INFO - [product.py - product_detail_api - 44] - 商品-商品信息
2020-10-13 10:21:32,355 - INFO - [testProductApi.py - test_product_detail_api - 50] - 请求地址：http://e.cn/api/v1/product/2
2020-10-13 10:21:32,355 - INFO - [testProductApi.py - test_product_detail_api - 51] - 响应数据：{'id': 2, 'name': '梨花带雨 3个', 'price': '0.01', 'stock': 984, 'main_img_url': 'http://e.cn/images/product-dryfruit@1.png', 'summary': None, 'img_id': 10, 'imgs': [], 'properties': [{'name': '品名', 'detail': '梨子', 'update_time': '1970-01-01 08:00:00'}, {'name': '产地', 'detail': '金星', 'update_time': '1970-01-01 08:00:00'}, {'name': '净含量', 'detail': '100g', 'update_time': '1970-01-01 08:00:00'}, {'name': '保质期', 'detail': '10天', 'update_time': '1970-01-01 08:00:00'}]}
